[2020-03-12T08:18:36.804] [DEBUG] cheese - login => username:zs22,password:1233333
[2020-03-12T08:18:36.805] [DEBUG] cheese - zs22
[2020-03-12T08:18:36.820] [DEBUG] cheese - null
[2020-03-12T08:18:36.820] [DEBUG] cheese - null
[2020-03-12T08:21:08.973] [DEBUG] cheese - login => username:zseee,password:123eeee
[2020-03-12T08:21:08.973] [DEBUG] cheese - zseee
[2020-03-12T08:21:08.976] [DEBUG] cheese - null
[2020-03-12T08:21:08.976] [DEBUG] cheese - null
[2020-03-12T08:23:49.070] [DEBUG] cheese - login => username:zsdd,password:123ddd
[2020-03-12T08:23:49.070] [DEBUG] cheese - zsdd
[2020-03-12T08:23:49.072] [DEBUG] cheese - null
[2020-03-12T08:23:49.072] [DEBUG] cheese - null
[2020-03-12T08:23:50.950] [DEBUG] cheese - login => username:zsddd,password:123ddd
[2020-03-12T08:23:50.950] [DEBUG] cheese - zsddd
[2020-03-12T08:23:50.952] [DEBUG] cheese - null
[2020-03-12T08:23:50.952] [DEBUG] cheese - null
[2020-03-12T08:24:42.697] [DEBUG] cheese - login => username:zsq,password:123456
[2020-03-12T08:24:42.697] [DEBUG] cheese - zsq
[2020-03-12T08:24:42.699] [DEBUG] cheese - null
[2020-03-12T08:24:42.699] [DEBUG] cheese - null
[2020-03-12T08:24:43.604] [DEBUG] cheese - login => username:zsq,password:123456
[2020-03-12T08:24:43.604] [DEBUG] cheese - zsq
[2020-03-12T08:24:43.605] [DEBUG] cheese - null
[2020-03-12T08:24:43.605] [DEBUG] cheese - null
[2020-03-12T08:26:36.007] [DEBUG] cheese - login => username:admin,password:123456
[2020-03-12T08:26:36.007] [DEBUG] cheese - admin
[2020-03-12T08:26:36.010] [DEBUG] cheese - null
[2020-03-12T08:26:36.010] [DEBUG] cheese - null
[2020-03-12T08:35:17.741] [DEBUG] cheese - login => username:zsq,password:123456
[2020-03-12T08:35:17.741] [DEBUG] cheese - zsq
[2020-03-12T08:35:17.744] [DEBUG] cheese - null
[2020-03-12T08:35:17.744] [DEBUG] cheese - null
[2020-03-12T08:35:26.488] [DEBUG] cheese - login => username:admin,password:123456
[2020-03-12T08:35:26.488] [DEBUG] cheese - admin
[2020-03-12T08:35:26.491] [DEBUG] cheese - null
[2020-03-12T08:35:26.491] [DEBUG] cheese - null
[2020-03-12T08:54:04.080] [DEBUG] cheese - login => username:admin,password:123456
[2020-03-12T08:54:04.081] [DEBUG] cheese - admin
[2020-03-12T08:54:04.084] [DEBUG] cheese - null
[2020-03-12T08:54:04.084] [DEBUG] cheese - null
[2020-03-12T09:11:31.615] [DEBUG] cheese - login => username:admin,password:123456
[2020-03-12T09:11:31.615] [DEBUG] cheese - admin
[2020-03-12T09:11:31.617] [DEBUG] cheese - null
[2020-03-12T09:11:31.617] [DEBUG] cheese - null
[2020-03-12T09:11:37.574] [DEBUG] cheese - login => username:admin,password:123456
[2020-03-12T09:11:37.574] [DEBUG] cheese - admin
[2020-03-12T09:11:37.577] [DEBUG] cheese - null
[2020-03-12T09:11:37.578] [DEBUG] cheese - null
